<?xml version="1.0" encoding="UTF-8"?>
<testsuite xmlns:xsi="http://www.w3.org/2001/XMLSchema-instance" xsi:noNamespaceSchemaLocation="https://maven.apache.org/surefire/maven-surefire-plugin/xsd/surefire-test-report.xsd" name="com.mt.services.EmployeeServiceTest" time="0.388" tests="5" errors="0" skipped="0" failures="0">
  <properties>
[...]
</properties>
  <testcase name="testUploadImage_ReturnsValidJsonString" classname="com.mt.services.EmployeeServiceTest" time="0.351"/>
  <testcase name="testUploadImage_ContainsExpectedFields" classname="com.mt.services.EmployeeServiceTest" time="0"/>
  <testcase name="testUploadImage_ReturnsCorrectValues" classname="com.mt.services.EmployeeServiceTest" time="0"/>
  <testcase name="testUploadImage_JsonStructureConsistency" classname="com.mt.services.EmployeeServiceTest" time="0"/>
  <testcase name="testUploadImage_WithNullParameters" classname="com.mt.services.EmployeeServiceTest" time="0"/>
</testsuite>